<?xml version="1.0" encoding="UTF-8"?>
<testsuite name="hello.boot.BootApplicationTests" tests="1" skipped="0" failures="0" errors="0" timestamp="2024-10-08T04:54:07" hostname="gang-ujuui-MacBookPro.local" time="0.51">
  <properties/>
  <testcase name="contextLoads()" classname="hello.boot.BootApplicationTests" time="0.51"/>
  <system-out><![CDATA[13:54:07.104 [Test worker] INFO org.springframework.test.context.support.AnnotationConfigContextLoaderUtils -- Could not detect default configuration classes for test class [hello.boot.BootApplicationTests]: BootApplicationTests does not declare any static, non-private, non-final, nested classes annotated with @Configuration.
13:54:07.158 [Test worker] INFO org.springframework.boot.test.context.SpringBootTestContextBootstrapper -- Found @SpringBootConfiguration hello.boot.BootApplication for test class hello.boot.BootApplicationTests

  .   ____          _            __ _ _
 /\\ / ___'_ __ _ _(_)_ __  __ _ \ \ \ \
( ( )\___ | '_ | '_| | '_ \/ _` | \ \ \ \
 \\/  ___)| |_)| | | | | || (_| |  ) ) ) )
  '  |____| .__|_| |_|_| |_\__, | / / / /
 =========|_|==============|___/=/_/_/_/

 :: Spring Boot ::                (v3.3.4)

2024-10-08T13:54:07.351+09:00  INFO 7161 --- [boot] [    Test worker] hello.boot.BootApplicationTests          : Starting BootApplicationTests using Java 21.0.2 with PID 7161 (started by wooju-kang in /Users/wooju-kang/Desktop/강의 소스코드 2/complete/boot)
2024-10-08T13:54:07.352+09:00  INFO 7161 --- [boot] [    Test worker] hello.boot.BootApplicationTests          : No active profile set, falling back to 1 default profile: "default"
2024-10-08T13:54:07.915+09:00  INFO 7161 --- [boot] [    Test worker] hello.boot.BootApplicationTests          : Started BootApplicationTests in 0.683 seconds (process running for 1.269)
]]></system-out>
  <system-err><![CDATA[WARNING: A Java agent has been loaded dynamically (/Users/wooju-kang/.gradle/caches/modules-2/files-2.1/net.bytebuddy/byte-buddy-agent/1.14.19/154da3a65b4f4a909d3e5bdec55d1b2b4cbb6ce1/byte-buddy-agent-1.14.19.jar)
WARNING: If a serviceability tool is in use, please run with -XX:+EnableDynamicAgentLoading to hide this warning
WARNING: If a serviceability tool is not in use, please run with -Djdk.instrument.traceUsage for more information
WARNING: Dynamic loading of agents will be disallowed by default in a future release
]]></system-err>
</testsuite>
